<?xml version="1.0" encoding="UTF-8"?>
<metadata>
  <groupId>koncept.pheidippides</groupId>
  <artifactId>pheidippides-repository-2</artifactId>
  <versioning>
    <versions>
      <version>1.0-SNAPSHOT</version>
    </versions>
    <lastUpdated>20140415195921</lastUpdated>
  </versioning>
</metadata>
